0 verbose cli D:\za\node.js\node.exe D:\za\node.js\node_modules\npm\bin\npm-cli.js
1 info using npm@9.6.7
2 info using node@v18.17.1
3 timing npm:load:whichnode Completed in 1ms
4 timing config:load:defaults Completed in 2ms
5 timing config:load:file:D:\za\node.js\node_modules\npm\npmrc Completed in 2ms
6 timing config:load:builtin Completed in 2ms
7 timing config:load:cli Completed in 2ms
8 timing config:load:env Completed in 0ms
9 timing config:load:file:D:\BaiduNetdiskDownload\项目\前后端分离博客\SGBlog (20)\SGBlog\资源\前端工程\sg-blog-vue\.npmrc Completed in 0ms
10 timing config:load:project Completed in 1ms
11 timing config:load:file:C:\Users\banxing\.npmrc Completed in 1ms
12 timing config:load:user Completed in 1ms
13 timing config:load:file:D:\za\node.js\node_global\etc\npmrc Completed in 0ms
14 timing config:load:global Completed in 0ms
15 timing config:load:setEnvs Completed in 1ms
16 timing config:load Completed in 9ms
17 timing npm:load:configload Completed in 9ms
18 timing npm:load:mkdirpcache Completed in 0ms
19 timing npm:load:mkdirplogs Completed in 1ms
20 verbose title npm
21 verbose argv "-cache" "-clean" "-force"
22 timing npm:load:setTitle Completed in 0ms
23 timing config:load:flatten Completed in 1ms
24 timing npm:load:display Completed in 3ms
25 verbose logfile logs-max:10 dir:D:\BaiduNetdiskDownload\项目\前后端分离博客\SGBlog (20)\SGBlog\资源\前端工程\sg-blog-vue\-clean\_logs\2023-09-22T02_34_21_772Z-
26 verbose logfile D:\BaiduNetdiskDownload\项目\前后端分离博客\SGBlog (20)\SGBlog\资源\前端工程\sg-blog-vue\-clean\_logs\2023-09-22T02_34_21_772Z-debug-0.log
27 timing npm:load:logFile Completed in 19ms
28 timing npm:load:timers Completed in 0ms
29 timing npm:load:configScope Completed in 0ms
30 warn using --force Recommended protections disabled.
31 timing npm:load Completed in 34ms
32 verbose exit 1
33 timing npm Completed in 39ms
34 verbose code 1
